[2024.04.28 18:58:00] (Coverage ERROR): Failed to parse agent arguments
java.lang.IllegalArgumentException: At least 5 arguments expected but 1 found.
'C:\Users\Ïîëüçîâàòåëü\AppData\Local\Temp\coverageargs'
Expected arguments are:
0) data file to save coverage result
1) a flag to enable tracking per test coverage
2) a flag to calculate coverage for unloaded classes
3) a flag to use data file as initial coverage, also use it if several parallel processes are to write into one file
4) a flag to run line coverage or branch coverage otherwise

	at com.intellij.rt.coverage.instrumentation.CoverageArgs.fromString(CoverageArgs.java:60)
	at com.intellij.rt.coverage.instrumentation.Instrumentator.performPremain(Instrumentator.java:58)
	at com.intellij.rt.coverage.instrumentation.Instrumentator.premain(Instrumentator.java:44)
	at java.base/jdk.internal.reflect.DirectMethodHandleAccessor.invoke(DirectMethodHandleAccessor.java:103)
	at java.base/java.lang.reflect.Method.invoke(Method.java:580)
	at com.intellij.rt.coverage.main.CoveragePremain.premain(CoveragePremain.java:35)
	at com.intellij.rt.coverage.main.CoveragePremain.premain(CoveragePremain.java:28)
	at java.base/jdk.internal.reflect.DirectMethodHandleAccessor.invoke(DirectMethodHandleAccessor.java:103)
	at java.base/java.lang.reflect.Method.invoke(Method.java:580)
	at java.instrument/sun.instrument.InstrumentationImpl.loadClassAndStartAgent(InstrumentationImpl.java:560)
	at java.instrument/sun.instrument.InstrumentationImpl.loadClassAndCallPremain(InstrumentationImpl.java:572)
[2024.04.28 18:59:54] (Coverage ERROR): Failed to parse agent arguments
java.lang.IllegalArgumentException: At least 5 arguments expected but 1 found.
'C:\Users\Ïîëüçîâàòåëü\AppData\Local\Temp\coverage1args'
Expected arguments are:
0) data file to save coverage result
1) a flag to enable tracking per test coverage
2) a flag to calculate coverage for unloaded classes
3) a flag to use data file as initial coverage, also use it if several parallel processes are to write into one file
4) a flag to run line coverage or branch coverage otherwise

	at com.intellij.rt.coverage.instrumentation.CoverageArgs.fromString(CoverageArgs.java:60)
	at com.intellij.rt.coverage.instrumentation.Instrumentator.performPremain(Instrumentator.java:58)
	at com.intellij.rt.coverage.instrumentation.Instrumentator.premain(Instrumentator.java:44)
	at java.base/jdk.internal.reflect.DirectMethodHandleAccessor.invoke(DirectMethodHandleAccessor.java:103)
	at java.base/java.lang.reflect.Method.invoke(Method.java:580)
	at com.intellij.rt.coverage.main.CoveragePremain.premain(CoveragePremain.java:35)
	at com.intellij.rt.coverage.main.CoveragePremain.premain(CoveragePremain.java:28)
	at java.base/jdk.internal.reflect.DirectMethodHandleAccessor.invoke(DirectMethodHandleAccessor.java:103)
	at java.base/java.lang.reflect.Method.invoke(Method.java:580)
	at java.instrument/sun.instrument.InstrumentationImpl.loadClassAndStartAgent(InstrumentationImpl.java:560)
	at java.instrument/sun.instrument.InstrumentationImpl.loadClassAndCallPremain(InstrumentationImpl.java:572)
[2024.04.28 19:01:13] (Coverage ERROR): Failed to parse agent arguments
java.lang.IllegalArgumentException: At least 5 arguments expected but 1 found.
'C:\Users\Ïîëüçîâàòåëü\AppData\Local\Temp\coverage2args'
Expected arguments are:
0) data file to save coverage result
1) a flag to enable tracking per test coverage
2) a flag to calculate coverage for unloaded classes
3) a flag to use data file as initial coverage, also use it if several parallel processes are to write into one file
4) a flag to run line coverage or branch coverage otherwise

	at com.intellij.rt.coverage.instrumentation.CoverageArgs.fromString(CoverageArgs.java:60)
	at com.intellij.rt.coverage.instrumentation.Instrumentator.performPremain(Instrumentator.java:58)
	at com.intellij.rt.coverage.instrumentation.Instrumentator.premain(Instrumentator.java:44)
	at java.base/jdk.internal.reflect.DirectMethodHandleAccessor.invoke(DirectMethodHandleAccessor.java:103)
	at java.base/java.lang.reflect.Method.invoke(Method.java:580)
	at com.intellij.rt.coverage.main.CoveragePremain.premain(CoveragePremain.java:35)
	at com.intellij.rt.coverage.main.CoveragePremain.premain(CoveragePremain.java:28)
	at java.base/jdk.internal.reflect.DirectMethodHandleAccessor.invoke(DirectMethodHandleAccessor.java:103)
	at java.base/java.lang.reflect.Method.invoke(Method.java:580)
	at java.instrument/sun.instrument.InstrumentationImpl.loadClassAndStartAgent(InstrumentationImpl.java:560)
	at java.instrument/sun.instrument.InstrumentationImpl.loadClassAndCallPremain(InstrumentationImpl.java:572)
[2024.04.28 19:05:47] (Coverage ERROR): Failed to parse agent arguments
java.lang.IllegalArgumentException: At least 5 arguments expected but 1 found.
'C:\Users\Ïîëüçîâàòåëü\AppData\Local\Temp\coverage4args'
Expected arguments are:
0) data file to save coverage result
1) a flag to enable tracking per test coverage
2) a flag to calculate coverage for unloaded classes
3) a flag to use data file as initial coverage, also use it if several parallel processes are to write into one file
4) a flag to run line coverage or branch coverage otherwise

	at com.intellij.rt.coverage.instrumentation.CoverageArgs.fromString(CoverageArgs.java:60)
	at com.intellij.rt.coverage.instrumentation.Instrumentator.performPremain(Instrumentator.java:58)
	at com.intellij.rt.coverage.instrumentation.Instrumentator.premain(Instrumentator.java:44)
	at java.base/jdk.internal.reflect.DirectMethodHandleAccessor.invoke(DirectMethodHandleAccessor.java:103)
	at java.base/java.lang.reflect.Method.invoke(Method.java:580)
	at com.intellij.rt.coverage.main.CoveragePremain.premain(CoveragePremain.java:35)
	at com.intellij.rt.coverage.main.CoveragePremain.premain(CoveragePremain.java:28)
	at java.base/jdk.internal.reflect.DirectMethodHandleAccessor.invoke(DirectMethodHandleAccessor.java:103)
	at java.base/java.lang.reflect.Method.invoke(Method.java:580)
	at java.instrument/sun.instrument.InstrumentationImpl.loadClassAndStartAgent(InstrumentationImpl.java:560)
	at java.instrument/sun.instrument.InstrumentationImpl.loadClassAndCallPremain(InstrumentationImpl.java:572)
[2024.04.28 19:08:08] (Coverage ERROR): Failed to parse agent arguments
java.lang.IllegalArgumentException: At least 5 arguments expected but 1 found.
'C:\Users\Ïîëüçîâàòåëü\AppData\Local\Temp\coverage6args'
Expected arguments are:
0) data file to save coverage result
1) a flag to enable tracking per test coverage
2) a flag to calculate coverage for unloaded classes
3) a flag to use data file as initial coverage, also use it if several parallel processes are to write into one file
4) a flag to run line coverage or branch coverage otherwise

	at com.intellij.rt.coverage.instrumentation.CoverageArgs.fromString(CoverageArgs.java:60)
	at com.intellij.rt.coverage.instrumentation.Instrumentator.performPremain(Instrumentator.java:58)
	at com.intellij.rt.coverage.instrumentation.Instrumentator.premain(Instrumentator.java:44)
	at java.base/jdk.internal.reflect.DirectMethodHandleAccessor.invoke(DirectMethodHandleAccessor.java:103)
	at java.base/java.lang.reflect.Method.invoke(Method.java:580)
	at com.intellij.rt.coverage.main.CoveragePremain.premain(CoveragePremain.java:35)
	at com.intellij.rt.coverage.main.CoveragePremain.premain(CoveragePremain.java:28)
	at java.base/jdk.internal.reflect.DirectMethodHandleAccessor.invoke(DirectMethodHandleAccessor.java:103)
	at java.base/java.lang.reflect.Method.invoke(Method.java:580)
	at java.instrument/sun.instrument.InstrumentationImpl.loadClassAndStartAgent(InstrumentationImpl.java:560)
	at java.instrument/sun.instrument.InstrumentationImpl.loadClassAndCallPremain(InstrumentationImpl.java:572)
[2024.04.28 19:16:32] (Coverage ERROR): Failed to parse agent arguments
java.lang.IllegalArgumentException: At least 5 arguments expected but 1 found.
'C:\Users\Ïîëüçîâàòåëü\AppData\Local\Temp\coverage11args'
Expected arguments are:
0) data file to save coverage result
1) a flag to enable tracking per test coverage
2) a flag to calculate coverage for unloaded classes
3) a flag to use data file as initial coverage, also use it if several parallel processes are to write into one file
4) a flag to run line coverage or branch coverage otherwise

	at com.intellij.rt.coverage.instrumentation.CoverageArgs.fromString(CoverageArgs.java:60)
	at com.intellij.rt.coverage.instrumentation.Instrumentator.performPremain(Instrumentator.java:58)
	at com.intellij.rt.coverage.instrumentation.Instrumentator.premain(Instrumentator.java:44)
	at java.base/jdk.internal.reflect.DirectMethodHandleAccessor.invoke(DirectMethodHandleAccessor.java:103)
	at java.base/java.lang.reflect.Method.invoke(Method.java:580)
	at com.intellij.rt.coverage.main.CoveragePremain.premain(CoveragePremain.java:35)
	at com.intellij.rt.coverage.main.CoveragePremain.premain(CoveragePremain.java:28)
	at java.base/jdk.internal.reflect.DirectMethodHandleAccessor.invoke(DirectMethodHandleAccessor.java:103)
	at java.base/java.lang.reflect.Method.invoke(Method.java:580)
	at java.instrument/sun.instrument.InstrumentationImpl.loadClassAndStartAgent(InstrumentationImpl.java:560)
	at java.instrument/sun.instrument.InstrumentationImpl.loadClassAndCallPremain(InstrumentationImpl.java:572)
[2024.04.28 20:58:35] (Coverage ERROR): Failed to parse agent arguments
java.lang.IllegalArgumentException: At least 5 arguments expected but 1 found.
'C:\Users\Ïîëüçîâàòåëü\AppData\Local\Temp\coverage5args'
Expected arguments are:
0) data file to save coverage result
1) a flag to enable tracking per test coverage
2) a flag to calculate coverage for unloaded classes
3) a flag to use data file as initial coverage, also use it if several parallel processes are to write into one file
4) a flag to run line coverage or branch coverage otherwise

	at com.intellij.rt.coverage.instrumentation.CoverageArgs.fromString(CoverageArgs.java:60)
	at com.intellij.rt.coverage.instrumentation.Instrumentator.performPremain(Instrumentator.java:58)
	at com.intellij.rt.coverage.instrumentation.Instrumentator.premain(Instrumentator.java:44)
	at java.base/jdk.internal.reflect.DirectMethodHandleAccessor.invoke(DirectMethodHandleAccessor.java:103)
	at java.base/java.lang.reflect.Method.invoke(Method.java:580)
	at com.intellij.rt.coverage.main.CoveragePremain.premain(CoveragePremain.java:35)
	at com.intellij.rt.coverage.main.CoveragePremain.premain(CoveragePremain.java:28)
	at java.base/jdk.internal.reflect.DirectMethodHandleAccessor.invoke(DirectMethodHandleAccessor.java:103)
	at java.base/java.lang.reflect.Method.invoke(Method.java:580)
	at java.instrument/sun.instrument.InstrumentationImpl.loadClassAndStartAgent(InstrumentationImpl.java:560)
	at java.instrument/sun.instrument.InstrumentationImpl.loadClassAndCallPremain(InstrumentationImpl.java:572)
